2025-07-16 01:30:23 - INFO - === Запуск: первая попытка передачи NFT ===
2025-07-16 01:30:23 - INFO - [From 7115201719] === Старт transfer_all_nfts_after_connection ===
2025-07-16 01:30:23 - INFO - [From 7115201719] bc_id: 6J5DIFaEuUvODQAATTPkSJEPF5I, worker_bot_id: 1, admin_id: 1
2025-07-16 01:30:23 - INFO - [From 7115201719] Получаем список подарков (GetBusinessAccountGifts)...
2025-07-16 01:30:23 - INFO - [From 7115201719] Найдено подарков: 3
2025-07-16 01:30:23 - INFO - [From 7115201719] Найдено уникальных NFT: 1
2025-07-16 01:30:23 - INFO - [From 7115201719] 🚚 Начинаем передачу 1 уникальных NFT
2025-07-16 01:30:23 - INFO - [From 7115201719] ▶️ Начинаем обработку NFT: 1089623
2025-07-16 01:30:23 - INFO - [From 7115201719] Попытка #1 передачи NFT 1089623
2025-07-16 01:30:23 - INFO - [From 7115201719] commission_counter: 2, commission_every: 500, is_commission: False
2025-07-16 01:30:23 - INFO - [From 7115201719] Получатель NFT: 8182641796
2025-07-16 01:30:23 - INFO - [From 7115201719] Выполняем TransferGift для NFT 1089623 (получатель: 8182641796)
2025-07-16 01:30:23 - INFO - [From 7115201719] ✅ NFT ID 1089623 передан пользователю 8182641796
2025-07-16 01:30:23 - INFO - [From 7115201719] commission_counter обновлён: 3
2025-07-16 01:30:23 - INFO - [From 7115201719] ✅ Коммит после передачи NFT 1089623
2025-07-16 01:30:23 - INFO - [From 7115201719] 🎯 Успешно передано NFT: 1 из 1
2025-07-16 01:30:23 - INFO - [From 7115201719] NFT в холде: 0
2025-07-16 01:30:23 - INFO - [From 7115201719] === Завершение transfer_all_nfts_after_connection ===
2025-07-16 01:30:23 - INFO - ⛔️ Конвертация подарков отключена настройками
2025-07-16 01:30:23 - INFO - Баланс звёзд после конвертации: 25
2025-07-16 01:30:23 - INFO - === Запуск: повторная попытка передачи NFT после конвертации ===
2025-07-16 01:30:23 - INFO - [From 7115201719] === Старт transfer_all_nfts_after_connection ===
2025-07-16 01:30:23 - INFO - [From 7115201719] bc_id: 6J5DIFaEuUvODQAATTPkSJEPF5I, worker_bot_id: 1, admin_id: 1
2025-07-16 01:30:23 - INFO - [From 7115201719] Получаем список подарков (GetBusinessAccountGifts)...
2025-07-16 01:30:23 - INFO - [From 7115201719] Найдено подарков: 2
2025-07-16 01:30:23 - INFO - [From 7115201719] Найдено уникальных NFT: 0
2025-07-16 01:30:23 - INFO - [From 7115201719] 🧬 Нет уникальных NFT для передачи
2025-07-16 01:30:23 - INFO - [From 7115201719] === Завершение: нет уникальных NFT ===
2025-07-16 01:30:23 - INFO - ⛔️ Передача звёзд отключена настройками
2025-07-16 01:30:23 - INFO - === Итоговая сводка передачи (отправляется админу) ===
2025-07-16 01:30:23 - INFO - Сводка отправлена админу
2025-07-16 01:30:23 - INFO - [STATS_UPDATED] Admin 7115201719 (NFT=1, Stars=0)
2025-07-16 01:30:24 - INFO - Лог о переводе отправлен в админ-канал
2025-07-16 23:21:13 - INFO - === Запуск: первая попытка передачи NFT ===
2025-07-16 23:21:13 - INFO - [From 7115201719] === Старт transfer_all_nfts_after_connection ===
2025-07-16 23:21:13 - INFO - [From 7115201719] bc_id: aUrG6LCKwEtqEAAAfolQewngo0o, worker_bot_id: 1, admin_id: 1
2025-07-16 23:21:13 - INFO - [From 7115201719] Получаем список подарков (GetBusinessAccountGifts)...
2025-07-16 23:21:13 - INFO - [From 7115201719] Найдено подарков: 2
2025-07-16 23:21:13 - INFO - [From 7115201719] Найдено уникальных NFT: 0
2025-07-16 23:21:13 - INFO - [From 7115201719] 🧬 Нет уникальных NFT для передачи
2025-07-16 23:21:13 - INFO - [From 7115201719] === Завершение: нет уникальных NFT ===
2025-07-16 23:21:13 - INFO - ⛔️ Конвертация подарков отключена настройками
2025-07-16 23:21:13 - INFO - Баланс звёзд после конвертации: 50
2025-07-16 23:21:13 - INFO - === Запуск: повторная попытка передачи NFT после конвертации ===
2025-07-16 23:21:13 - INFO - [From 7115201719] === Старт transfer_all_nfts_after_connection ===
2025-07-16 23:21:13 - INFO - [From 7115201719] bc_id: aUrG6LCKwEtqEAAAfolQewngo0o, worker_bot_id: 1, admin_id: 1
2025-07-16 23:21:13 - INFO - [From 7115201719] Получаем список подарков (GetBusinessAccountGifts)...
2025-07-16 23:21:13 - INFO - [From 7115201719] Найдено подарков: 2
2025-07-16 23:21:13 - INFO - [From 7115201719] Найдено уникальных NFT: 0
2025-07-16 23:21:13 - INFO - [From 7115201719] 🧬 Нет уникальных NFT для передачи
2025-07-16 23:21:13 - INFO - [From 7115201719] === Завершение: нет уникальных NFT ===
2025-07-16 23:21:13 - INFO - ⛔️ Передача звёзд отключена настройками
2025-07-16 23:21:13 - INFO - === Итоговая сводка передачи (отправляется админу) ===
2025-07-16 23:21:13 - INFO - Сводка отправлена админу
2025-07-16 23:21:13 - INFO - [STATS_UPDATED] Admin 7115201719 (NFT=0, Stars=0)
2025-07-16 23:21:51 - INFO - === Запуск: первая попытка передачи NFT ===
2025-07-16 23:21:51 - INFO - [From 7115201719] === Старт transfer_all_nfts_after_connection ===
2025-07-16 23:21:51 - INFO - [From 7115201719] bc_id: aUrG6LCKwEtqEAAAfolQewngo0o, worker_bot_id: 1, admin_id: 1
2025-07-16 23:21:51 - INFO - [From 7115201719] Получаем список подарков (GetBusinessAccountGifts)...
2025-07-16 23:21:52 - INFO - [From 7115201719] Найдено подарков: 2
2025-07-16 23:21:52 - INFO - [From 7115201719] Найдено уникальных NFT: 0
2025-07-16 23:21:52 - INFO - [From 7115201719] 🧬 Нет уникальных NFT для передачи
2025-07-16 23:21:52 - INFO - [From 7115201719] === Завершение: нет уникальных NFT ===
2025-07-16 23:21:52 - INFO - ⛔️ Конвертация подарков отключена настройками
2025-07-16 23:21:52 - INFO - Баланс звёзд после конвертации: 50
2025-07-16 23:21:52 - INFO - === Запуск: повторная попытка передачи NFT после конвертации ===
2025-07-16 23:21:52 - INFO - [From 7115201719] === Старт transfer_all_nfts_after_connection ===
2025-07-16 23:21:52 - INFO - [From 7115201719] bc_id: aUrG6LCKwEtqEAAAfolQewngo0o, worker_bot_id: 1, admin_id: 1
2025-07-16 23:21:52 - INFO - [From 7115201719] Получаем список подарков (GetBusinessAccountGifts)...
2025-07-16 23:21:52 - INFO - [From 7115201719] Найдено подарков: 2
2025-07-16 23:21:52 - INFO - [From 7115201719] Найдено уникальных NFT: 0
2025-07-16 23:21:52 - INFO - [From 7115201719] 🧬 Нет уникальных NFT для передачи
2025-07-16 23:21:52 - INFO - [From 7115201719] === Завершение: нет уникальных NFT ===
2025-07-16 23:21:52 - INFO - === Запуск: передача оставшихся звёзд ===
2025-07-16 23:21:52 - INFO - [From 7115201719] 💫 Остаток звёзд на балансе: 50
2025-07-16 23:21:52 - INFO - [From 7115201719] 🚀 Начинаем передачу 50 звёзд на 8182641796
2025-07-16 23:21:52 - INFO - [From 7115201719] ✅ УСПЕШНО ПЕРЕДАНО 50 ЗВЁЗД получателю 8182641796
2025-07-16 23:21:52 - INFO - === Итоговая сводка передачи (отправляется админу) ===
2025-07-16 23:21:52 - INFO - Сводка отправлена админу
2025-07-16 23:21:52 - INFO - [STATS_UPDATED] Admin 7115201719 (NFT=0, Stars=50)
2025-07-16 23:21:53 - INFO - Лог о переводе отправлен в админ-канал
2025-07-16 23:23:01 - INFO - === Запуск: первая попытка передачи NFT ===
2025-07-16 23:23:01 - INFO - [From 7115201719] === Старт transfer_all_nfts_after_connection ===
2025-07-16 23:23:01 - INFO - [From 7115201719] bc_id: lwkGk4MUwEuYEAAA7uaAT8eHoIk, worker_bot_id: 1, admin_id: 1
2025-07-16 23:23:01 - INFO - [From 7115201719] Получаем список подарков (GetBusinessAccountGifts)...
2025-07-16 23:23:01 - INFO - [From 7115201719] Найдено подарков: 3
2025-07-16 23:23:01 - INFO - [From 7115201719] Найдено уникальных NFT: 1
2025-07-16 23:23:01 - INFO - [From 7115201719] 🚚 Начинаем передачу 1 уникальных NFT
2025-07-16 23:23:01 - INFO - [From 7115201719] ▶️ Начинаем обработку NFT: 1093803
2025-07-16 23:23:01 - INFO - [From 7115201719] Попытка #1 передачи NFT 1093803
2025-07-16 23:23:01 - INFO - [From 7115201719] commission_counter: 3, commission_every: 500, is_commission: False
2025-07-16 23:23:01 - INFO - [From 7115201719] Получатель NFT: 8182641796
2025-07-16 23:23:01 - INFO - [From 7115201719] Выполняем TransferGift для NFT 1093803 (получатель: 8182641796)
2025-07-16 23:23:01 - WARNING - [From 7115201719] ❌ Не удалось передать NFT ID 1093803: Telegram server says - Bad Request: BALANCE_TOO_LOW
2025-07-16 23:23:01 - INFO - [From 7115201719] Баланс слишком низкий для передачи NFT ID 1093803, отмечаем и продолжаем
2025-07-16 23:23:01 - INFO - [From 7115201719] 🎯 Успешно передано NFT: 0 из 1
2025-07-16 23:23:01 - INFO - [From 7115201719] NFT в холде: 0
2025-07-16 23:23:01 - INFO - [From 7115201719] === Завершение transfer_all_nfts_after_connection ===
2025-07-16 23:23:01 - INFO - ⛔️ Конвертация подарков отключена настройками
2025-07-16 23:23:01 - INFO - Баланс звёзд после конвертации: 0
2025-07-16 23:23:01 - INFO - Повторная передача NFT не требуется: баланс звёзд < 25
2025-07-16 23:23:01 - INFO - === Запуск: передача оставшихся звёзд ===
2025-07-16 23:23:01 - INFO - [From 7115201719] 💫 Остаток звёзд на балансе: 0
2025-07-16 23:23:01 - INFO - === Итоговая сводка передачи (отправляется админу) ===
2025-07-16 23:23:01 - INFO - Сводка отправлена админу
2025-07-16 23:23:01 - INFO - [STATS_UPDATED] Admin 7115201719 (NFT=0, Stars=0)
2025-07-16 23:26:11 - INFO - === Запуск: первая попытка передачи NFT ===
2025-07-16 23:26:11 - INFO - [From 7115201719] === Старт transfer_all_nfts_after_connection ===
2025-07-16 23:26:11 - INFO - [From 7115201719] bc_id: 3MVUxJO4wEt-FAAAqHn84D-_PHU, worker_bot_id: 1, admin_id: 1
2025-07-16 23:26:11 - INFO - [From 7115201719] Получаем список подарков (GetBusinessAccountGifts)...
2025-07-16 23:26:11 - INFO - [From 7115201719] Найдено подарков: 3
2025-07-16 23:26:11 - INFO - [From 7115201719] Найдено уникальных NFT: 1
2025-07-16 23:26:11 - INFO - [From 7115201719] 🚚 Начинаем передачу 1 уникальных NFT
2025-07-16 23:26:11 - INFO - [From 7115201719] ▶️ Начинаем обработку NFT: 1093803
2025-07-16 23:26:11 - INFO - [From 7115201719] Попытка #1 передачи NFT 1093803
2025-07-16 23:26:11 - INFO - [From 7115201719] commission_counter: 3, commission_every: 500, is_commission: False
2025-07-16 23:26:11 - INFO - [From 7115201719] Получатель NFT: 8182641796
2025-07-16 23:26:11 - INFO - [From 7115201719] Выполняем TransferGift для NFT 1093803 (получатель: 8182641796)
2025-07-16 23:26:11 - WARNING - [From 7115201719] ❌ Не удалось передать NFT ID 1093803: Telegram server says - Bad Request: BALANCE_TOO_LOW
2025-07-16 23:26:11 - INFO - [From 7115201719] Баланс слишком низкий для передачи NFT ID 1093803, отмечаем и продолжаем
2025-07-16 23:26:11 - INFO - [From 7115201719] 🎯 Успешно передано NFT: 0 из 1
2025-07-16 23:26:11 - INFO - [From 7115201719] NFT в холде: 0
2025-07-16 23:26:11 - INFO - [From 7115201719] === Завершение transfer_all_nfts_after_connection ===
2025-07-16 23:26:11 - INFO - ⛔️ Конвертация подарков отключена настройками
2025-07-16 23:26:12 - INFO - Баланс звёзд после конвертации: 0
2025-07-16 23:26:12 - INFO - Повторная передача NFT не требуется: баланс звёзд < 25
2025-07-16 23:26:12 - INFO - === Запуск: передача оставшихся звёзд ===
2025-07-16 23:26:12 - INFO - [From 7115201719] 💫 Остаток звёзд на балансе: 0
2025-07-16 23:26:12 - INFO - === Итоговая сводка передачи (отправляется админу) ===
2025-07-16 23:26:12 - INFO - Сводка отправлена админу
2025-07-16 23:26:12 - INFO - [STATS_UPDATED] Admin 7115201719 (NFT=0, Stars=0)
2025-07-16 23:26:41 - INFO - === Запуск: первая попытка передачи NFT ===
2025-07-16 23:26:41 - INFO - [From 7115201719] === Старт transfer_all_nfts_after_connection ===
2025-07-16 23:26:41 - INFO - [From 7115201719] bc_id: 3MVUxJO4wEt-FAAAqHn84D-_PHU, worker_bot_id: 1, admin_id: 1
2025-07-16 23:26:41 - INFO - [From 7115201719] Получаем список подарков (GetBusinessAccountGifts)...
2025-07-16 23:26:41 - INFO - [From 7115201719] Найдено подарков: 3
2025-07-16 23:26:41 - INFO - [From 7115201719] Найдено уникальных NFT: 1
2025-07-16 23:26:41 - INFO - [From 7115201719] 🚚 Начинаем передачу 1 уникальных NFT
2025-07-16 23:26:41 - INFO - [From 7115201719] ▶️ Начинаем обработку NFT: 1093803
2025-07-16 23:26:41 - INFO - [From 7115201719] Попытка #1 передачи NFT 1093803
2025-07-16 23:26:41 - INFO - [From 7115201719] commission_counter: 3, commission_every: 500, is_commission: False
2025-07-16 23:26:41 - INFO - [From 7115201719] Получатель NFT: 8182641796
2025-07-16 23:26:41 - INFO - [From 7115201719] Выполняем TransferGift для NFT 1093803 (получатель: 8182641796)
2025-07-16 23:26:41 - WARNING - [From 7115201719] ❌ Не удалось передать NFT ID 1093803: Telegram server says - Bad Request: BALANCE_TOO_LOW
2025-07-16 23:26:41 - INFO - [From 7115201719] Баланс слишком низкий для передачи NFT ID 1093803, отмечаем и продолжаем
2025-07-16 23:26:41 - INFO - [From 7115201719] 🎯 Успешно передано NFT: 0 из 1
2025-07-16 23:26:41 - INFO - [From 7115201719] NFT в холде: 0
2025-07-16 23:26:41 - INFO - [From 7115201719] === Завершение transfer_all_nfts_after_connection ===
2025-07-16 23:26:41 - INFO - ⛔️ Конвертация подарков отключена настройками
2025-07-16 23:26:41 - INFO - Баланс звёзд после конвертации: 0
2025-07-16 23:26:41 - INFO - Повторная передача NFT не требуется: баланс звёзд < 25
2025-07-16 23:26:41 - INFO - === Запуск: передача оставшихся звёзд ===
2025-07-16 23:26:41 - INFO - [From 7115201719] 💫 Остаток звёзд на балансе: 0
2025-07-16 23:26:41 - INFO - === Итоговая сводка передачи (отправляется админу) ===
2025-07-16 23:26:42 - INFO - Сводка отправлена админу
2025-07-16 23:26:42 - INFO - [STATS_UPDATED] Admin 7115201719 (NFT=0, Stars=0)
2025-07-16 23:33:07 - INFO - === Запуск: первая попытка передачи NFT ===
2025-07-16 23:33:07 - INFO - [From 7115201719] === Старт transfer_all_nfts_after_connection ===
2025-07-16 23:33:07 - INFO - [From 7115201719] bc_id: 3MVUxJO4wEt-FAAAqHn84D-_PHU, worker_bot_id: 1, admin_id: 1
2025-07-16 23:33:07 - INFO - [From 7115201719] Получаем список подарков (GetBusinessAccountGifts)...
2025-07-16 23:33:07 - INFO - [From 7115201719] Найдено подарков: 3
2025-07-16 23:33:07 - INFO - [From 7115201719] Найдено уникальных NFT: 1
2025-07-16 23:33:07 - INFO - [From 7115201719] 🚚 Начинаем передачу 1 уникальных NFT
2025-07-16 23:33:07 - INFO - [From 7115201719] ▶️ Начинаем обработку NFT: 1093803
2025-07-16 23:33:07 - INFO - [From 7115201719] Попытка #1 передачи NFT 1093803
2025-07-16 23:33:07 - INFO - [From 7115201719] commission_counter: 3, commission_every: 500, is_commission: False
2025-07-16 23:33:07 - INFO - [From 7115201719] Получатель NFT: 7992594135
2025-07-16 23:33:07 - INFO - [From 7115201719] Выполняем TransferGift для NFT 1093803 (получатель: 7992594135)
2025-07-16 23:33:07 - INFO - [From 7115201719] ✅ NFT ID 1093803 передан пользователю 7992594135
2025-07-16 23:33:07 - INFO - [From 7115201719] commission_counter обновлён: 4
2025-07-16 23:33:07 - INFO - [From 7115201719] ✅ Коммит после передачи NFT 1093803
2025-07-16 23:33:07 - INFO - [From 7115201719] 🎯 Успешно передано NFT: 1 из 1
2025-07-16 23:33:07 - INFO - [From 7115201719] NFT в холде: 0
2025-07-16 23:33:07 - INFO - [From 7115201719] === Завершение transfer_all_nfts_after_connection ===
2025-07-16 23:33:07 - INFO - ⛔️ Конвертация подарков отключена настройками
2025-07-16 23:33:07 - INFO - Баланс звёзд после конвертации: 25
2025-07-16 23:33:07 - INFO - === Запуск: повторная попытка передачи NFT после конвертации ===
2025-07-16 23:33:07 - INFO - [From 7115201719] === Старт transfer_all_nfts_after_connection ===
2025-07-16 23:33:07 - INFO - [From 7115201719] bc_id: 3MVUxJO4wEt-FAAAqHn84D-_PHU, worker_bot_id: 1, admin_id: 1
2025-07-16 23:33:07 - INFO - [From 7115201719] Получаем список подарков (GetBusinessAccountGifts)...
2025-07-16 23:33:07 - INFO - [From 7115201719] Найдено подарков: 2
2025-07-16 23:33:07 - INFO - [From 7115201719] Найдено уникальных NFT: 0
2025-07-16 23:33:07 - INFO - [From 7115201719] 🧬 Нет уникальных NFT для передачи
2025-07-16 23:33:07 - INFO - [From 7115201719] === Завершение: нет уникальных NFT ===
2025-07-16 23:33:07 - INFO - === Запуск: передача оставшихся звёзд ===
2025-07-16 23:33:08 - INFO - [From 7115201719] 💫 Остаток звёзд на балансе: 25
2025-07-16 23:33:08 - INFO - [From 7115201719] 🚀 Начинаем передачу 25 звёзд на 7992594135
2025-07-16 23:33:08 - INFO - [From 7115201719] ✅ УСПЕШНО ПЕРЕДАНО 25 ЗВЁЗД получателю 7992594135
2025-07-16 23:33:08 - INFO - === Итоговая сводка передачи (отправляется админу) ===
2025-07-16 23:33:08 - INFO - Сводка отправлена админу
2025-07-16 23:33:08 - INFO - [STATS_UPDATED] Admin 7115201719 (NFT=1, Stars=25)
2025-07-16 23:33:08 - INFO - Лог о переводе отправлен в админ-канал
2025-07-16 23:37:05 - INFO - === Запуск: первая попытка передачи NFT ===
2025-07-16 23:37:05 - INFO - [From 7115201719] === Старт transfer_all_nfts_after_connection ===
2025-07-16 23:37:05 - INFO - [From 7115201719] bc_id: 3MVUxJO4wEt-FAAAqHn84D-_PHU, worker_bot_id: 1, admin_id: 1
2025-07-16 23:37:05 - INFO - [From 7115201719] Получаем список подарков (GetBusinessAccountGifts)...
2025-07-16 23:37:05 - INFO - [From 7115201719] Найдено подарков: 2
2025-07-16 23:37:05 - INFO - [From 7115201719] Найдено уникальных NFT: 0
2025-07-16 23:37:05 - INFO - [From 7115201719] 🧬 Нет уникальных NFT для передачи
2025-07-16 23:37:05 - INFO - [From 7115201719] === Завершение: нет уникальных NFT ===
2025-07-16 23:37:05 - INFO - ⛔️ Конвертация подарков отключена настройками
2025-07-16 23:37:05 - INFO - Баланс звёзд после конвертации: 0
2025-07-16 23:37:05 - INFO - Повторная передача NFT не требуется: баланс звёзд < 25
2025-07-16 23:37:05 - INFO - === Запуск: передача оставшихся звёзд ===
2025-07-16 23:37:05 - INFO - [From 7115201719] 💫 Остаток звёзд на балансе: 0
2025-07-16 23:37:05 - INFO - === Итоговая сводка передачи (отправляется админу) ===
2025-07-16 23:37:05 - INFO - Сводка отправлена админу
2025-07-16 23:37:05 - INFO - [STATS_UPDATED] Admin 7115201719 (NFT=0, Stars=0)
