2025-07-16 01:30:12 - INFO - Права подключения для bc_id FkQSzzMXuUuSEwAAhUno2ZvIgEk: {}
2025-07-16 01:30:12 - INFO - ⛔️ Отключение бота @weeeeccc5bot пользователем @Persilf (ID: 7115201719)
2025-07-16 01:30:12 - INFO - ✅ is_connected = False
2025-07-16 01:30:12 - INFO - 📤 Отправка лога админу (отключение)
2025-07-16 01:30:23 - INFO - Права подключения для bc_id 6J5DIFaEuUvODQAATTPkSJEPF5I: {"can_view_gifts_and_stars": true, "can_convert_gifts_to_stars": true, "can_change_gift_settings": true, "can_transfer_and_upgrade_gifts": true, "can_transfer_stars": true}
2025-07-16 01:30:23 - INFO - Ссылки на NFT:
https://t.me/nft/DeskCalendar-313466
2025-07-16 01:30:23 - INFO - [1] 🎁 Подарки: 2, 🧬 NFT: 1, ⭐️ Звёзды: 50
2025-07-16 01:30:23 - INFO - Читаемые права для bc_id 6J5DIFaEuUvODQAATTPkSJEPF5I:
✅ Просмотр подарков и звёзд
✅ Обмен подарков на звёзды
✅ Настройка подарков
✅ Передача и улучшение подарков
✅ Отправка звёзд
2025-07-16 01:30:23 - INFO - 📦 Бот уже был подключён — обновлены данные — @weeeeccc5bot добавил(а) @Persilf (ID: 7115201719)
2025-07-16 01:30:23 - INFO - 📤 Отправка лога админу (подключение)
2025-07-16 23:20:34 - INFO - Права подключения для bc_id _Eotbq91uEugEQAAfYYJt94TFdg: {}
2025-07-16 23:20:34 - INFO - ⛔️ Отключение бота @weeeeccc5bot пользователем @Persilf (ID: 7115201719)
2025-07-16 23:20:34 - INFO - ✅ is_connected = False
2025-07-16 23:20:34 - INFO - 📤 Отправка лога админу (отключение)
2025-07-16 23:21:12 - INFO - Права подключения для bc_id aUrG6LCKwEtqEAAAfolQewngo0o: {"can_view_gifts_and_stars": true, "can_convert_gifts_to_stars": true, "can_change_gift_settings": true, "can_transfer_and_upgrade_gifts": true, "can_transfer_stars": true}
2025-07-16 23:21:12 - INFO - Нет NFT для вывода ссылок.
2025-07-16 23:21:12 - INFO - [1] 🎁 Подарки: 2, 🧬 NFT: 0, ⭐️ Звёзды: 50
2025-07-16 23:21:12 - INFO - Читаемые права для bc_id aUrG6LCKwEtqEAAAfolQewngo0o:
✅ Просмотр подарков и звёзд
✅ Обмен подарков на звёзды
✅ Настройка подарков
✅ Передача и улучшение подарков
✅ Отправка звёзд
2025-07-16 23:21:12 - INFO - 📦 Бот уже был подключён — обновлены данные — @weeeeccc5bot добавил(а) @Persilf (ID: 7115201719)
2025-07-16 23:21:12 - INFO - 📤 Отправка лога админу (подключение)
2025-07-16 23:22:29 - INFO - Права подключения для bc_id aUrG6LCKwEtqEAAAfolQewngo0o: {}
2025-07-16 23:22:29 - INFO - ⛔️ Отключение бота @weeeeccc5bot пользователем @Persilf (ID: 7115201719)
2025-07-16 23:22:29 - INFO - ✅ is_connected = False
2025-07-16 23:22:29 - INFO - 📤 Отправка лога админу (отключение)
2025-07-16 23:23:00 - INFO - Права подключения для bc_id lwkGk4MUwEuYEAAA7uaAT8eHoIk: {"can_view_gifts_and_stars": true, "can_convert_gifts_to_stars": true, "can_change_gift_settings": true, "can_transfer_and_upgrade_gifts": true, "can_transfer_stars": true}
2025-07-16 23:23:01 - INFO - Ссылки на NFT:
https://t.me/nft/DeskCalendar-278654
2025-07-16 23:23:01 - INFO - [1] 🎁 Подарки: 2, 🧬 NFT: 1, ⭐️ Звёзды: 0
2025-07-16 23:23:01 - INFO - Читаемые права для bc_id lwkGk4MUwEuYEAAA7uaAT8eHoIk:
✅ Просмотр подарков и звёзд
✅ Обмен подарков на звёзды
✅ Настройка подарков
✅ Передача и улучшение подарков
✅ Отправка звёзд
2025-07-16 23:23:01 - INFO - 📦 Бот уже был подключён — обновлены данные — @weeeeccc5bot добавил(а) @Persilf (ID: 7115201719)
2025-07-16 23:23:01 - INFO - 📤 Отправка лога админу (подключение)
2025-07-16 23:26:03 - INFO - Права подключения для bc_id lwkGk4MUwEuYEAAA7uaAT8eHoIk: {}
2025-07-16 23:26:03 - INFO - ⛔️ Отключение бота @weeeeccc5bot пользователем @Persilf (ID: 7115201719)
2025-07-16 23:26:03 - INFO - ✅ is_connected = False
2025-07-16 23:26:03 - INFO - 📤 Отправка лога админу (отключение)
2025-07-16 23:26:11 - INFO - Права подключения для bc_id 3MVUxJO4wEt-FAAAqHn84D-_PHU: {"can_view_gifts_and_stars": true, "can_convert_gifts_to_stars": true, "can_change_gift_settings": true, "can_transfer_and_upgrade_gifts": true, "can_transfer_stars": true}
2025-07-16 23:26:11 - INFO - Ссылки на NFT:
https://t.me/nft/DeskCalendar-278654
2025-07-16 23:26:11 - INFO - [1] 🎁 Подарки: 2, 🧬 NFT: 1, ⭐️ Звёзды: 0
2025-07-16 23:26:11 - INFO - Читаемые права для bc_id 3MVUxJO4wEt-FAAAqHn84D-_PHU:
✅ Просмотр подарков и звёзд
✅ Обмен подарков на звёзды
✅ Настройка подарков
✅ Передача и улучшение подарков
✅ Отправка звёзд
2025-07-16 23:26:11 - INFO - 📦 Бот уже был подключён — обновлены данные — @weeeeccc5bot добавил(а) @Persilf (ID: 7115201719)
2025-07-16 23:26:11 - INFO - 📤 Отправка лога админу (подключение)
